Change Component Comment : Designator= Old Comment= New Comment=0.1 µF
Change Component Comment : Designator= Old Comment= New Comment=0.1 µF
Change Component Comment : Designator= Old Comment= New Comment=0.1 µF
Change Component Comment : Designator= Old Comment= New Comment=0.1 µF
Change Component Comment : Designator= Old Comment= New Comment=0.1 µF
Change Component Comment : Designator= Old Comment= New Comment=1.5 kOhms
Change Component Comment : Designator= Old Comment= New Comment=1.5 kOhms
Change Component Comment : Designator= Old Comment= New Comment=1.5 kOhms
Change Component Comment : Designator= Old Comment= New Comment=1.5 kOhms
Change Component Comment : Designator= Old Comment= New Comment=1.5 kOhms
Change Component Comment : Designator= Old Comment= New Comment=2.2 µH
Change Component Comment : Designator= Old Comment= New Comment=10 kOhms
Change Component Comment : Designator= Old Comment= New Comment=10 kOhms
Change Component Comment : Designator= Old Comment= New Comment=10 µF
Change Component Comment : Designator= Old Comment= New Comment=10 µF
Change Component Comment : Designator= Old Comment= New Comment=2479
Change Component Comment : Designator= Old Comment= New Comment=62131021021
Change Component Comment : Designator= Old Comment= New Comment==Value
Change Component Comment : Designator= Old Comment= New Comment=ABS06-32.768KHZ-9-1-T
Change Component Comment : Designator= Old Comment= New Comment=BME688
Change Component Comment : Designator= Old Comment= New Comment=MGM240PB32VNA3
Change Component Comment : Designator= Old Comment= New Comment=MX25R8035FZUIH1
Change Component Comment : Designator= Old Comment= New Comment=ST1PS03A1QTR
Change Component Comment : Designator= Old Comment= New Comment=STTS22HTR
Change Component Comment : Designator= Old Comment= New Comment=TPS2116DRLR
Change Component Comment : Designator= Old Comment= New Comment=TYPE-C-31-M-12
Change Component Comment : Designator= Old Comment= New Comment=Yellow
Change Component Comment : Designator= Old Comment= New Comment=Yellow
Change Component Comment : Designator= Old Comment= New Comment=Yellow
Change Component Designator: OldDesignator= NewDesignator=C1
Change Component Designator: OldDesignator= NewDesignator=C2
Change Component Designator: OldDesignator= NewDesignator=C3
Change Component Designator: OldDesignator= NewDesignator=C4
Change Component Designator: OldDesignator= NewDesignator=C5
Change Component Designator: OldDesignator= NewDesignator=C6
Change Component Designator: OldDesignator= NewDesignator=C7
Change Component Designator: OldDesignator= NewDesignator=D1
Change Component Designator: OldDesignator= NewDesignator=D2
Change Component Designator: OldDesignator= NewDesignator=D3
Change Component Designator: OldDesignator= NewDesignator=J1
Change Component Designator: OldDesignator= NewDesignator=J2
Change Component Designator: OldDesignator= NewDesignator=L1
Change Component Designator: OldDesignator= NewDesignator=R1
Change Component Designator: OldDesignator= NewDesignator=R2
Change Component Designator: OldDesignator= NewDesignator=R3
Change Component Designator: OldDesignator= NewDesignator=R4
Change Component Designator: OldDesignator= NewDesignator=R5
Change Component Designator: OldDesignator= NewDesignator=R6
Change Component Designator: OldDesignator= NewDesignator=R7
Change Component Designator: OldDesignator= NewDesignator=R8
Change Component Designator: OldDesignator= NewDesignator=U1
Change Component Designator: OldDesignator= NewDesignator=U2
Change Component Designator: OldDesignator= NewDesignator=U3
Change Component Designator: OldDesignator= NewDesignator=U4
Change Component Designator: OldDesignator= NewDesignator=U5
Change Component Designator: OldDesignator= NewDesignator=U6
Change Component Designator: OldDesignator= NewDesignator=U7
Change Component Designator: OldDesignator= NewDesignator=Y1
Added Member To Class: ClassName=supply Member=Component C1 10 µF
Added Member To Class: ClassName=supply Member=Component C2 10 µF
Added Member To Class: ClassName=sensor Member=Component C3 0.1 µF
Added Member To Class: ClassName=sensor Member=Component C4 0.1 µF
Added Member To Class: ClassName=sensor Member=Component C5 0.1 µF
Added Member To Class: ClassName=mcu Member=Component C6 0.1 µF
Added Member To Class: ClassName=mcu Member=Component C7 0.1 µF
Added Member To Class: ClassName=mcu Member=Component D1 Yellow
Added Member To Class: ClassName=mcu Member=Component D2 Yellow
Added Member To Class: ClassName=mcu Member=Component D3 Yellow
Added Member To Class: ClassName=mcu Member=Component J1 62131021021
Added Member To Class: ClassName=supply Member=Component J2 TYPE-C-31-M-12
Added Member To Class: ClassName=supply Member=Component L1 2.2 µH
Added Member To Class: ClassName=mcu Member=Component R1 10 kOhms
Added Member To Class: ClassName=mcu Member=Component R2 10 kOhms
Added Member To Class: ClassName=mcu Member=Component R3 1.5 kOhms
Added Member To Class: ClassName=mcu Member=Component R4 1.5 kOhms
Added Member To Class: ClassName=mcu Member=Component R5 1.5 kOhms
Added Member To Class: ClassName=mcu Member=Component R6 1.5 kOhms
Added Member To Class: ClassName=mcu Member=Component R7 =Value
Added Member To Class: ClassName=supply Member=Component R8 1.5 kOhms
Added Member To Class: ClassName=mcu Member=Component U1 MGM240PB32VNA3
Added Member To Class: ClassName=supply Member=Component U2 ST1PS03A1QTR
Added Member To Class: ClassName=supply Member=Component U3 TPS2116DRLR
Added Member To Class: ClassName=sensor Member=Component U4 STTS22HTR
Added Member To Class: ClassName=sensor Member=Component U5 BME688
Added Member To Class: ClassName=mcu Member=Component U6 MX25R8035FZUIH1
Added Member To Class: ClassName=supply Member=Component U7 2479
Added Member To Class: ClassName=mcu Member=Component Y1 ABS06-32.768KHZ-9-1-T
